<?xml version="1.0" encoding="UTF-8"?>
<!-- Generated by org.testng.reporters.JUnitReportReporter -->
<testsuite hostname="Lenovo-PC" failures="0" tests="1" name="com.mangesh1.LoginTestExcel" time="0.021" errors="0" timestamp="17 Aug 2018 11:40:51 GMT" skipped="0">
  <testcase classname="com.mangesh1.LoginTestExcel" name="Login" time="0.021"/>
</testsuite> <!-- com.mangesh1.LoginTestExcel -->
