<?xml version="1.0" encoding="UTF-8"?>
<!-- Generated by org.testng.reporters.JUnitReportReporter -->
<testsuite hostname="Lenovo-PC" failures="0" tests="3" name="com.mangesh1.LoginData1" time="19.059" errors="0" timestamp="21 Aug 2018 05:58:46 GMT" skipped="0">
  <testcase classname="com.mangesh1.LoginData1" name="labelUnameError_page" time="5.792"/>
  <testcase classname="com.mangesh1.LoginData1" name="labelUnameError_page" time="6.889"/>
  <testcase classname="com.mangesh1.LoginData1" name="labelUnameError_page" time="6.378"/>
</testsuite> <!-- com.mangesh1.LoginData1 -->
