<?xml version="1.0" encoding="UTF-8"?>
<!-- Generated by org.testng.reporters.JUnitReportReporter -->
<testsuite hostname="Lenovo-PC" failures="0" tests="2" name="com.mangesh.ResetPasswordTC" time="0.178" errors="0" timestamp="05 Aug 2018 06:03:53 GMT" skipped="0">
  <testcase classname="com.mangesh.ResetPasswordTC" name="Splchrpassword" time="0.003"/>
  <testcase classname="com.mangesh.ResetPasswordTC" name="Blankpassword" time="0.175"/>
</testsuite> <!-- com.mangesh.ResetPasswordTC -->
