<?xml version="1.0" encoding="UTF-8"?>
<!-- Generated by org.testng.reporters.JUnitReportReporter -->
<testsuite hostname="Mangesh-PC" failures="0" tests="2" name="com.mangesh.PriorityTest" time="0.031" errors="0" timestamp="15 Feb 2020 14:01:19 GMT" skipped="0">
  <testcase classname="com.mangesh.PriorityTest" name="aaa" time="0.028"/>
  <testcase classname="com.mangesh.PriorityTest" name="bbb" time="0.003"/>
</testsuite> <!-- com.mangesh.PriorityTest -->
