<?xml version="1.0" encoding="UTF-8"?>
<!-- Generated by org.testng.reporters.JUnitReportReporter -->
<testsuite hostname="Mangesh-PC" failures="0" tests="1" name="JBK.JxlReading" time="0.550" errors="0" timestamp="19 Oct 2018 06:00:32 GMT">
  <testcase classname="JBK.JxlReading" name="linkTest" time="0.550"/>
</testsuite> <!-- JBK.JxlReading -->
