<?xml version="1.0" encoding="UTF-8"?>
<!-- Generated by org.testng.reporters.JUnitReportReporter -->
<testsuite hostname="Mangesh-PC" failures="0" tests="1" name="com.jbk.RobotEx" time="18.569" errors="0" timestamp="11 Jan 2019 09:15:43 GMT">
  <testcase classname="com.jbk.RobotEx" name="execution" time="18.569"/>
</testsuite> <!-- com.jbk.RobotEx -->
