<?xml version="1.0" encoding="UTF-8"?>
<!-- Generated by org.testng.reporters.JUnitReportReporter -->
<testsuite hostname="Mangesh-PC" failures="0" tests="6" name="com.Demo.LoginTestCases" time="0.071" errors="0" timestamp="14 Feb 2020 14:41:47 GMT" skipped="0">
  <testcase classname="com.Demo.LoginTestCases" name="Tesstcase2" time="0.004"/>
  <testcase classname="com.Demo.LoginTestCases" name="Tesstcase1" time="0.047"/>
  <testcase classname="com.Demo.LoginTestCases" name="Tesstcase4" time="0.006"/>
  <testcase classname="com.Demo.LoginTestCases" name="Tesstcase6" time="0.005"/>
  <testcase classname="com.Demo.LoginTestCases" name="Tesstcase3" time="0.004"/>
  <testcase classname="com.Demo.LoginTestCases" name="Tesstcase5" time="0.005"/>
</testsuite> <!-- com.Demo.LoginTestCases -->
